Start testing: Dec 02 03:44 Финляндия (зима)
----------------------------------------------------------
1/1 Testing: UnitTests
1/1 Test: UnitTests
Command: "C:/Users/User/Desktop/csad2526KI404LitvinenkoAntonAndreyovych16/build/Debug/unit_tests.exe"
Directory: C:/Users/User/Desktop/csad2526KI404LitvinenkoAntonAndreyovych16/build
"UnitTests" start time: Dec 02 03:44 Финляндия (зима)
Output:
----------------------------------------------------------
[==========] Running 4 tests from 1 test suite.
[----------] Global test environment set-up.
[----------] 4 tests from AdditionTests
[ RUN      ] AdditionTests.PositiveNumbers
[       OK ] AdditionTests.PositiveNumbers (0 ms)
[ RUN      ] AdditionTests.NegativeNumbers
[       OK ] AdditionTests.NegativeNumbers (0 ms)
[ RUN      ] AdditionTests.AddingZero
[       OK ] AdditionTests.AddingZero (0 ms)
[ RUN      ] AdditionTests.LargeNumbers
[       OK ] AdditionTests.LargeNumbers (0 ms)
[----------] 4 tests from AdditionTests (0 ms total)

[----------] Global test environment tear-down
[==========] 4 tests from 1 test suite ran. (0 ms total)
[  PASSED  ] 4 tests.
<end of output>
Test time =   0.05 sec
----------------------------------------------------------
Test Passed.
"UnitTests" end time: Dec 02 03:44 Финляндия (зима)
"UnitTests" time elapsed: 00:00:00
----------------------------------------------------------

End testing: Dec 02 03:44 Финляндия (зима)
